<?xml version="1.0" encoding="UTF-8"?>
<!-- Generated by org.testng.reporters.JUnitXMLReporter -->
<testsuite hostname="DESKTOP-V7R4QNT" failures="0" tests="5" name="Default test" time="20.566" errors="0" timestamp="6 Apr 2024 09:36:37 GMT">
  <testcase classname="datafrom.Alert2" name="test" time="0.205"/>
  <testcase classname="datafrom.Alert2" name="test" time="0.163"/>
  <testcase classname="datafrom.Alert2" name="test" time="0.205"/>
  <testcase classname="datafrom.Alert2" name="test" time="0.194"/>
  <testcase classname="datafrom.Alert2" name="test" time="0.193"/>
</testsuite> <!-- Default test -->
