<?xml version="1.0" encoding="UTF-8"?>
<testng-results total="5" passed="5" failed="0" skipped="0">
  <reporter-output>
  </reporter-output>
  <suite started-at="2024-04-06T09:36:17Z" name="Default suite" finished-at="2024-04-06T09:36:37Z" duration-ms="20566">
    <groups>
    </groups>
    <test started-at="2024-04-06T09:36:17Z" name="Default test" finished-at="2024-04-06T09:36:37Z" duration-ms="20566">
      <class name="datafrom.Alert2">
        <test-method is-config="true" signature="setup()[pri:0, instance:datafrom.Alert2@1046d517]" started-at="2024-04-06T15:06:18Z" name="setup" finished-at="2024-04-06T15:06:23Z" duration-ms="5329" status="PASS">
          <reporter-output>
          </reporter-output>
        </test-method> <!-- setup -->
        <test-method signature="test(java.lang.String, java.lang.String)[pri:0, instance:datafrom.Alert2@1046d517]" started-at="2024-04-06T15:06:23Z" name="test" data-provider="data" finished-at="2024-04-06T15:06:23Z" duration-ms="205" status="PASS">
          <params>
            <param index="0">
              <value>
                <![CDATA[Ravi Singh]]>
              </value>
            </param>
            <param index="1">
              <value>
                <![CDATA[4586AB2]]>
              </value>
            </param>
          </params>
          <reporter-output>
          </reporter-output>
        </test-method> <!-- test -->
        <test-method is-config="true" signature="taredown()[pri:0, instance:datafrom.Alert2@1046d517]" started-at="2024-04-06T15:06:23Z" name="taredown" finished-at="2024-04-06T15:06:24Z" duration-ms="172" status="PASS">
          <reporter-output>
          </reporter-output>
        </test-method> <!-- taredown -->
        <test-method is-config="true" signature="setup()[pri:0, instance:datafrom.Alert2@1046d517]" started-at="2024-04-06T15:06:24Z" name="setup" finished-at="2024-04-06T15:06:26Z" duration-ms="2572" status="PASS">
          <reporter-output>
          </reporter-output>
        </test-method> <!-- setup -->
        <test-method signature="test(java.lang.String, java.lang.String)[pri:0, instance:datafrom.Alert2@1046d517]" started-at="2024-04-06T15:06:26Z" name="test" data-provider="data" finished-at="2024-04-06T15:06:26Z" duration-ms="163" status="PASS">
          <params>
            <param index="0">
              <value>
                <![CDATA[Avinash Panday]]>
              </value>
            </param>
            <param index="1">
              <value>
                <![CDATA[2359AV5]]>
              </value>
            </param>
          </params>
          <reporter-output>
          </reporter-output>
        </test-method> <!-- test -->
        <test-method is-config="true" signature="taredown()[pri:0, instance:datafrom.Alert2@1046d517]" started-at="2024-04-06T15:06:26Z" name="taredown" finished-at="2024-04-06T15:06:26Z" duration-ms="113" status="PASS">
          <reporter-output>
          </reporter-output>
        </test-method> <!-- taredown -->
        <test-method is-config="true" signature="setup()[pri:0, instance:datafrom.Alert2@1046d517]" started-at="2024-04-06T15:06:26Z" name="setup" finished-at="2024-04-06T15:06:30Z" duration-ms="3345" status="PASS">
          <reporter-output>
          </reporter-output>
        </test-method> <!-- setup -->
        <test-method signature="test(java.lang.String, java.lang.String)[pri:0, instance:datafrom.Alert2@1046d517]" started-at="2024-04-06T15:06:30Z" name="test" data-provider="data" finished-at="2024-04-06T15:06:30Z" duration-ms="205" status="PASS">
          <params>
            <param index="0">
              <value>
                <![CDATA[Rahul Raheja]]>
              </value>
            </param>
            <param index="1">
              <value>
                <![CDATA[594RR82]]>
              </value>
            </param>
          </params>
          <reporter-output>
          </reporter-output>
        </test-method> <!-- test -->
        <test-method is-config="true" signature="taredown()[pri:0, instance:datafrom.Alert2@1046d517]" started-at="2024-04-06T15:06:30Z" name="taredown" finished-at="2024-04-06T15:06:30Z" duration-ms="189" status="PASS">
          <reporter-output>
          </reporter-output>
        </test-method> <!-- taredown -->
        <test-method is-config="true" signature="setup()[pri:0, instance:datafrom.Alert2@1046d517]" started-at="2024-04-06T15:06:30Z" name="setup" finished-at="2024-04-06T15:06:33Z" duration-ms="2976" status="PASS">
          <reporter-output>
          </reporter-output>
        </test-method> <!-- setup -->
        <test-method signature="test(java.lang.String, java.lang.String)[pri:0, instance:datafrom.Alert2@1046d517]" started-at="2024-04-06T15:06:33Z" name="test" data-provider="data" finished-at="2024-04-06T15:06:33Z" duration-ms="194" status="PASS">
          <params>
            <param index="0">
              <value>
                <![CDATA[Virendra Kumar]]>
              </value>
            </param>
            <param index="1">
              <value>
                <![CDATA[35VK965]]>
              </value>
            </param>
          </params>
          <reporter-output>
          </reporter-output>
        </test-method> <!-- test -->
        <test-method is-config="true" signature="taredown()[pri:0, instance:datafrom.Alert2@1046d517]" started-at="2024-04-06T15:06:33Z" name="taredown" finished-at="2024-04-06T15:06:34Z" duration-ms="337" status="PASS">
          <reporter-output>
          </reporter-output>
        </test-method> <!-- taredown -->
        <test-method is-config="true" signature="setup()[pri:0, instance:datafrom.Alert2@1046d517]" started-at="2024-04-06T15:06:34Z" name="setup" finished-at="2024-04-06T15:06:37Z" duration-ms="3156" status="PASS">
          <reporter-output>
          </reporter-output>
        </test-method> <!-- setup -->
        <test-method signature="test(java.lang.String, java.lang.String)[pri:0, instance:datafrom.Alert2@1046d517]" started-at="2024-04-06T15:06:37Z" name="test" data-provider="data" finished-at="2024-04-06T15:06:37Z" duration-ms="193" status="PASS">
          <params>
            <param index="0">
              <value>
                <![CDATA[Raghav Raj]]>
              </value>
            </param>
            <param index="1">
              <value>
                <![CDATA[5979RR5]]>
              </value>
            </param>
          </params>
          <reporter-output>
          </reporter-output>
        </test-method> <!-- test -->
        <test-method is-config="true" signature="taredown()[pri:0, instance:datafrom.Alert2@1046d517]" started-at="2024-04-06T15:06:37Z" name="taredown" finished-at="2024-04-06T15:06:37Z" duration-ms="150" status="PASS">
          <reporter-output>
          </reporter-output>
        </test-method> <!-- taredown -->
      </class> <!-- datafrom.Alert2 -->
    </test> <!-- Default test -->
  </suite> <!-- Default suite -->
</testng-results>
